::1 - - [01/Jun/2020:19:30:16 +0000] "POST /forgetPasswordWithoutLogin HTTP/1.1" 200 15 "http://localhost:3001/forgetPassword?Email=test%40yahoo.com" "Mozilla/5.0 (Windows NT 10.0; Win64; x64) AppleWebKit/537.36 (KHTML, like Gecko) Chrome/83.0.4103.61 Safari/537.36"
::1 - - [01/Jun/2020:19:30:19 +0000] "POST /forgetPasswordWithoutLogin HTTP/1.1" 200 15 "http://localhost:3001/forgetPassword?Email=test%40yahoo.com" "Mozilla/5.0 (Windows NT 10.0; Win64; x64) AppleWebKit/537.36 (KHTML, like Gecko) Chrome/83.0.4103.61 Safari/537.36"
::1 - - [01/Jun/2020:19:30:28 +0000] "POST /forgetPasswordWithoutLogin HTTP/1.1" 200 15 "http://localhost:3001/forgetPassword?Email=test%40yahoo.com" "Mozilla/5.0 (Windows NT 10.0; Win64; x64) AppleWebKit/537.36 (KHTML, like Gecko) Chrome/83.0.4103.61 Safari/537.36"
::1 - - [01/Jun/2020:19:30:38 +0000] "PUT /deleteExpireCode HTTP/1.1" 200 168 "http://localhost:3001/forgetPassword?Email=test%40yahoo.com" "Mozilla/5.0 (Windows NT 10.0; Win64; x64) AppleWebKit/537.36 (KHTML, like Gecko) Chrome/83.0.4103.61 Safari/537.36"
::1 - - [01/Jun/2020:19:31:43 +0000] "POST /forgetPasswordWithoutLogin HTTP/1.1" 200 15 "http://localhost:3001/forgetPassword?Email=test%40yahoo.com" "Mozilla/5.0 (Windows NT 10.0; Win64; x64) AppleWebKit/537.36 (KHTML, like Gecko) Chrome/83.0.4103.61 Safari/537.36"
::1 - - [01/Jun/2020:19:31:54 +0000] "POST /forgetPasswordWithoutLogin HTTP/1.1" 200 15 "http://localhost:3001/forgetPassword?Email=test%40yahoo.com" "Mozilla/5.0 (Windows NT 10.0; Win64; x64) AppleWebKit/537.36 (KHTML, like Gecko) Chrome/83.0.4103.61 Safari/537.36"
::1 - - [01/Jun/2020:19:32:04 +0000] "PUT /deleteExpireCode HTTP/1.1" 200 168 "http://localhost:3001/forgetPassword?Email=test%40yahoo.com" "Mozilla/5.0 (Windows NT 10.0; Win64; x64) AppleWebKit/537.36 (KHTML, like Gecko) Chrome/83.0.4103.61 Safari/537.36"
::1 - - [01/Jun/2020:19:41:17 +0000] "POST /checkActiveCode HTTP/1.1" - - "-" "PostmanRuntime/7.25.0"
::1 - - [01/Jun/2020:19:42:22 +0000] "POST /checkActiveCode HTTP/1.1" - - "-" "PostmanRuntime/7.25.0"
::1 - - [01/Jun/2020:19:42:57 +0000] "POST /checkActiveCode HTTP/1.1" - - "-" "PostmanRuntime/7.25.0"
::1 - - [01/Jun/2020:19:43:49 +0000] "POST /checkActiveCode HTTP/1.1" - - "-" "PostmanRuntime/7.25.0"
::1 - - [01/Jun/2020:19:44:19 +0000] "POST /checkActiveCode HTTP/1.1" - - "-" "PostmanRuntime/7.25.0"
::1 - - [01/Jun/2020:19:45:51 +0000] "POST /checkActiveCode HTTP/1.1" 200 2 "-" "PostmanRuntime/7.25.0"
::1 - - [01/Jun/2020:19:46:11 +0000] "POST /forgetPasswordWithoutLogin HTTP/1.1" 200 15 "http://localhost:3001/forgetPassword?Email=test%40yahoo.com" "Mozilla/5.0 (Windows NT 10.0; Win64; x64) AppleWebKit/537.36 (KHTML, like Gecko) Chrome/83.0.4103.61 Safari/537.36"
::1 - - [01/Jun/2020:19:46:25 +0000] "POST /checkActiveCode HTTP/1.1" 200 2 "-" "PostmanRuntime/7.25.0"
::1 - - [01/Jun/2020:19:47:41 +0000] "POST /forgetPasswordWithoutLogin HTTP/1.1" 200 15 "http://localhost:3001/forgetPassword?Email=test%40yahoo.com" "Mozilla/5.0 (Windows NT 10.0; Win64; x64) AppleWebKit/537.36 (KHTML, like Gecko) Chrome/83.0.4103.61 Safari/537.36"
::1 - - [01/Jun/2020:19:47:54 +0000] "POST /checkActiveCode HTTP/1.1" 200 3 "-" "PostmanRuntime/7.25.0"
::1 - - [01/Jun/2020:19:47:57 +0000] "POST /checkActiveCode HTTP/1.1" 200 2 "-" "PostmanRuntime/7.25.0"
::1 - - [01/Jun/2020:19:55:49 +0000] "POST /forgetPasswordWithoutLogin HTTP/1.1" 404 166 "http://localhost:3001/forgetPassword?Email=test%40yahoo.com" "Mozilla/5.0 (Windows NT 10.0; Win64; x64) AppleWebKit/537.36 (KHTML, like Gecko) Chrome/83.0.4103.61 Safari/537.36"
::1 - - [01/Jun/2020:19:56:20 +0000] "POST /password/forgetPasswordWithoutLogin HTTP/1.1" 200 15 "http://localhost:3001/forgetPassword?Email=test%40yahoo.com" "Mozilla/5.0 (Windows NT 10.0; Win64; x64) AppleWebKit/537.36 (KHTML, like Gecko) Chrome/83.0.4103.61 Safari/537.36"
::1 - - [01/Jun/2020:19:56:33 +0000] "POST /checkActiveCode HTTP/1.1" 404 155 "-" "PostmanRuntime/7.25.0"
::1 - - [01/Jun/2020:19:56:43 +0000] "POST /password/checkActiveCode HTTP/1.1" 200 3 "-" "PostmanRuntime/7.25.0"
::1 - - [01/Jun/2020:19:56:47 +0000] "POST /password/checkActiveCode HTTP/1.1" 200 2 "-" "PostmanRuntime/7.25.0"
::1 - - [01/Jun/2020:19:57:39 +0000] "PUT /password/deleteExpireCode HTTP/1.1" 200 168 "-" "PostmanRuntime/7.25.0"
::1 - - [01/Jun/2020:20:01:23 +0000] "PUT /password/deleteExpireCode HTTP/1.1" 200 168 "http://localhost:3001/forgetPassword?Email=test%40yahoo.com" "Mozilla/5.0 (Windows NT 10.0; Win64; x64) AppleWebKit/537.36 (KHTML, like Gecko) Chrome/83.0.4103.61 Safari/537.36"
::1 - - [01/Jun/2020:20:07:46 +0000] "POST /password/forgetPasswordWithoutLogin HTTP/1.1" 200 15 "http://localhost:3001/forgetPassword?Email=test%40yahoo.com" "Mozilla/5.0 (Windows NT 10.0; Win64; x64) AppleWebKit/537.36 (KHTML, like Gecko) Chrome/83.0.4103.61 Safari/537.36"
::1 - - [01/Jun/2020:20:07:53 +0000] "POST /password/forgetPasswordWithoutLogin HTTP/1.1" 200 15 "http://localhost:3001/forgetPassword?Email=test%40yahoo.com" "Mozilla/5.0 (Windows NT 10.0; Win64; x64) AppleWebKit/537.36 (KHTML, like Gecko) Chrome/83.0.4103.61 Safari/537.36"
::1 - - [01/Jun/2020:20:08:20 +0000] "PUT /password/checkActiveCode HTTP/1.1" 404 163 "-" "PostmanRuntime/7.25.0"
::1 - - [01/Jun/2020:20:08:28 +0000] "POST /password/checkActiveCode HTTP/1.1" 200 4 "-" "PostmanRuntime/7.25.0"
::1 - - [01/Jun/2020:20:08:32 +0000] "POST /password/checkActiveCode HTTP/1.1" 200 5 "-" "PostmanRuntime/7.25.0"
::1 - - [01/Jun/2020:20:08:46 +0000] "POST /password/deleteExpireCode HTTP/1.1" 404 165 "-" "PostmanRuntime/7.25.0"
::1 - - [01/Jun/2020:20:10:33 +0000] "PUT /password/deleteExpireCode HTTP/1.1" - - "-" "PostmanRuntime/7.25.0"
::1 - - [01/Jun/2020:20:10:52 +0000] "PUT /password/deleteExpireCode HTTP/1.1" - - "-" "PostmanRuntime/7.25.0"
::1 - - [01/Jun/2020:20:11:44 +0000] "PUT /password/deleteExpireCode HTTP/1.1" - - "-" "PostmanRuntime/7.25.0"
::1 - - [01/Jun/2020:20:11:45 +0000] "POST /password/deleteExpireCode HTTP/1.1" 404 165 "-" "PostmanRuntime/7.25.0"
